  [1m[35m (69.0ms)[0m  [1m[35mCREATE DATABASE "gatewood_development" ENCODING = 'unicode'[0m
  [1m[35m (47.8ms)[0m  [1m[35mCREATE DATABASE "gatewood_test" ENCODING = 'unicode'[0m
Started GET "/" for 127.0.0.1 at 2022-01-07 15:00:08 -0600
Processing by Rails::WelcomeController#index as HTML
  Rendering /home/bsamson/.rvm/gems/ruby-3.0.2/gems/railties-7.0.1/lib/rails/templates/rails/welcome/index.html.erb
  Rendered /home/bsamson/.rvm/gems/ruby-3.0.2/gems/railties-7.0.1/lib/rails/templates/rails/welcome/index.html.erb (Duration: 0.8ms | Allocations: 819)
Completed 200 OK in 7ms (Views: 2.8ms | ActiveRecord: 0.0ms | Allocations: 7656)


Started GET "/" for 2600:6c44:393f:a608:8c3c:723c:2a83:4089 at 2022-01-07 16:34:14 -0600
Cannot render console from 2600:6c44:393f:a608:8c3c:723c:2a83:4089! Allowed networks: 127.0.0.0/127.255.255.255, ::1
Processing by Rails::WelcomeController#index as HTML
  Rendering /home/bsamson/.rvm/gems/ruby-3.0.2/gems/railties-7.0.1/lib/rails/templates/rails/welcome/index.html.erb
  Rendered /home/bsamson/.rvm/gems/ruby-3.0.2/gems/railties-7.0.1/lib/rails/templates/rails/welcome/index.html.erb (Duration: 0.6ms | Allocations: 714)
Completed 200 OK in 5ms (Views: 1.7ms | ActiveRecord: 0.0ms | Allocations: 6383)


Started GET "/auth/basecamp" for 2600:6c44:393f:a608:8c3c:723c:2a83:4089 at 2022-01-07 16:34:39 -0600
Cannot render console from 2600:6c44:393f:a608:8c3c:723c:2a83:4089! Allowed networks: 127.0.0.0/127.255.255.255, ::1
Processing by OauthController#basecamp as HTML
  Rendering text template
  Rendered text template (Duration: 0.0ms | Allocations: 8)
Completed 200 OK in 1ms (Views: 1.2ms | ActiveRecord: 0.0ms | Allocations: 1109)


Started GET "/auth/basecamp" for 2600:6c44:393f:a608:8c3c:723c:2a83:4089 at 2022-01-07 16:41:18 -0600
Cannot render console from 2600:6c44:393f:a608:8c3c:723c:2a83:4089! Allowed networks: 127.0.0.0/127.255.255.255, ::1
Processing by OauthController#basecamp as HTML
Redirected to 
Completed 500 Internal Server Error in 1ms (Allocations: 1250)


  
ActionController::Redirecting::UnsafeRedirectError (Unsafe redirect to "https://launchpad.37signals.com/oauth/authorize?client_id=9dc3d187e9837fb4355a15c0d929d52d6a8449d...", pass allow_other_host: true to redirect anyway.):
  
app/controllers/oauth_controller.rb:3:in `basecamp'
Started GET "/auth/basecamp" for 2600:6c44:393f:a608:8c3c:723c:2a83:4089 at 2022-01-07 16:41:58 -0600
Cannot render console from 2600:6c44:393f:a608:8c3c:723c:2a83:4089! Allowed networks: 127.0.0.0/127.255.255.255, ::1
Processing by OauthController#basecamp as HTML
Redirected to https://launchpad.37signals.com/oauth/authorize?client_id=9dc3d187e9837fb4355a15c0d929d52d6a8449db&redirect_uri=https%3A%2F%2Fgatewood.ngrok.io%2Fauth%2Fbasecamp%2Fcallback&response_type=code
Completed 302 Found in 1ms (Allocations: 576)


Started GET "/" for 2600:6c44:393f:a608:8c3c:723c:2a83:4089 at 2022-01-07 16:42:01 -0600
Cannot render console from 2600:6c44:393f:a608:8c3c:723c:2a83:4089! Allowed networks: 127.0.0.0/127.255.255.255, ::1
Processing by Rails::WelcomeController#index as HTML
  Rendering /home/bsamson/.rvm/gems/ruby-3.0.2/gems/railties-7.0.1/lib/rails/templates/rails/welcome/index.html.erb
  Rendered /home/bsamson/.rvm/gems/ruby-3.0.2/gems/railties-7.0.1/lib/rails/templates/rails/welcome/index.html.erb (Duration: 0.5ms | Allocations: 389)
Completed 200 OK in 2ms (Views: 1.2ms | Allocations: 1319)


Started GET "/auth/basecamp" for 2600:6c44:393f:a608:8c3c:723c:2a83:4089 at 2022-01-07 16:45:14 -0600
Cannot render console from 2600:6c44:393f:a608:8c3c:723c:2a83:4089! Allowed networks: 127.0.0.0/127.255.255.255, ::1
Processing by OauthController#basecamp as HTML
Redirected to https://launchpad.37signals.com/authorization/new?client_id=9dc3d187e9837fb4355a15c0d929d52d6a8449db&redirect_uri=https%3A%2F%2Fgatewood.ngrok.io%2Fauth%2Fbasecamp%2Fcallback&response_type=code
Completed 302 Found in 1ms (Allocations: 562)


Started GET "/auth/basecamp" for 2600:6c44:393f:a608:8c3c:723c:2a83:4089 at 2022-01-07 16:47:51 -0600
Cannot render console from 2600:6c44:393f:a608:8c3c:723c:2a83:4089! Allowed networks: 127.0.0.0/127.255.255.255, ::1
Processing by OauthController#basecamp as HTML
Redirected to https://launchpad.37signals.com/authorization/new?client_id=9dc3d187e9837fb4355a15c0d929d52d6a8449db&redirect_uri=https%3A%2F%2Fgatewood.ngrok.io%2Fauth%2Fbasecamp%2Fcallback&response_type=code&type=web_server
Completed 302 Found in 1ms (Allocations: 572)


Started GET "/auth/basecamp/callback?code=99f8e928" for 2600:6c44:393f:a608:8c3c:723c:2a83:4089 at 2022-01-07 16:47:54 -0600
Cannot render console from 2600:6c44:393f:a608:8c3c:723c:2a83:4089! Allowed networks: 127.0.0.0/127.255.255.255, ::1
Processing by OauthController#basecamp_callback as HTML
  Parameters: {"code"=>"99f8e928"}
Completed 500 Internal Server Error in 147ms (Allocations: 3292)


  
OAuth2::Error (Unsupported type. Expected "web_server" or "refresh".: 
{"error":"Unsupported type. Expected \"web_server\" or \"refresh\"."}):
  
app/controllers/oauth_controller.rb:8:in `basecamp_callback'
Started GET "/auth/basecamp/callback?code=99f8e928" for 2600:6c44:393f:a608:8c3c:723c:2a83:4089 at 2022-01-07 16:48:16 -0600
Cannot render console from 2600:6c44:393f:a608:8c3c:723c:2a83:4089! Allowed networks: 127.0.0.0/127.255.255.255, ::1
Processing by OauthController#basecamp_callback as HTML
  Parameters: {"code"=>"99f8e928"}
Completed 500 Internal Server Error in 151ms (Allocations: 2110)


  
OAuth2::Error (expired_verification_code: 
{"error":"expired_verification_code"}):
  
app/controllers/oauth_controller.rb:8:in `basecamp_callback'
Started GET "/auth/basecamp" for 2600:6c44:393f:a608:8c3c:723c:2a83:4089 at 2022-01-07 16:48:23 -0600
Cannot render console from 2600:6c44:393f:a608:8c3c:723c:2a83:4089! Allowed networks: 127.0.0.0/127.255.255.255, ::1
Processing by OauthController#basecamp as HTML
Redirected to https://launchpad.37signals.com/authorization/new?client_id=9dc3d187e9837fb4355a15c0d929d52d6a8449db&redirect_uri=https%3A%2F%2Fgatewood.ngrok.io%2Fauth%2Fbasecamp%2Fcallback&response_type=code&type=web_server
Completed 302 Found in 1ms (Allocations: 475)


Started GET "/auth/basecamp/callback?code=e6b067cc" for 2600:6c44:393f:a608:8c3c:723c:2a83:4089 at 2022-01-07 16:48:24 -0600
Cannot render console from 2600:6c44:393f:a608:8c3c:723c:2a83:4089! Allowed networks: 127.0.0.0/127.255.255.255, ::1
Processing by OauthController#basecamp_callback as HTML
  Parameters: {"code"=>"e6b067cc"}
Completed 500 Internal Server Error in 146ms (Allocations: 1938)


  
OAuth2::Error (expired_verification_code: 
{"error":"expired_verification_code"}):
  
app/controllers/oauth_controller.rb:8:in `basecamp_callback'
Started GET "/auth/basecamp" for 2600:6c44:393f:a608:8c3c:723c:2a83:4089 at 2022-01-07 16:48:39 -0600
Cannot render console from 2600:6c44:393f:a608:8c3c:723c:2a83:4089! Allowed networks: 127.0.0.0/127.255.255.255, ::1
Processing by OauthController#basecamp as HTML
Redirected to https://launchpad.37signals.com/authorization/new?client_id=9dc3d187e9837fb4355a15c0d929d52d6a8449db&redirect_uri=https%3A%2F%2Fgatewood.ngrok.io%2Fauth%2Fbasecamp%2Fcallback&response_type=code&type=web_server
Completed 302 Found in 1ms (Allocations: 468)


Started GET "/auth/basecamp/callback?code=78304fd1" for 2600:6c44:393f:a608:8c3c:723c:2a83:4089 at 2022-01-07 16:48:41 -0600
Cannot render console from 2600:6c44:393f:a608:8c3c:723c:2a83:4089! Allowed networks: 127.0.0.0/127.255.255.255, ::1
Processing by OauthController#basecamp_callback as HTML
  Parameters: {"code"=>"78304fd1"}
Completed 500 Internal Server Error in 145ms (Allocations: 1944)


  
OAuth2::Error (expired_verification_code: 
{"error":"expired_verification_code"}):
  
app/controllers/oauth_controller.rb:8:in `basecamp_callback'
Started GET "/auth/basecamp" for 2600:6c44:393f:a608:8c3c:723c:2a83:4089 at 2022-01-07 16:50:16 -0600
Cannot render console from 2600:6c44:393f:a608:8c3c:723c:2a83:4089! Allowed networks: 127.0.0.0/127.255.255.255, ::1
Processing by OauthController#basecamp as HTML
Redirected to https://launchpad.37signals.com/authorization/new?client_id=9dc3d187e9837fb4355a15c0d929d52d6a8449db&redirect_uri=https%3A%2F%2Fgatewood.ngrok.io%2Fauth%2Fbasecamp%2Fcallback&response_type=code&type=web_server
Completed 302 Found in 1ms (Allocations: 572)


Started GET "/auth/basecamp/callback?code=2d4adf79" for 2600:6c44:393f:a608:8c3c:723c:2a83:4089 at 2022-01-07 16:50:18 -0600
Cannot render console from 2600:6c44:393f:a608:8c3c:723c:2a83:4089! Allowed networks: 127.0.0.0/127.255.255.255, ::1
Processing by OauthController#basecamp_callback as HTML
  Parameters: {"code"=>"2d4adf79"}
Completed 500 Internal Server Error in 157ms (Allocations: 2065)


  
OAuth2::Error (redirect_uri_mismatch: 
{"error":"redirect_uri_mismatch"}):
  
app/controllers/oauth_controller.rb:8:in `basecamp_callback'
Started GET "/auth/basecamp/callback?code=2d4adf79" for 2600:6c44:393f:a608:8c3c:723c:2a83:4089 at 2022-01-07 16:51:00 -0600
Cannot render console from 2600:6c44:393f:a608:8c3c:723c:2a83:4089! Allowed networks: 127.0.0.0/127.255.255.255, ::1
Processing by OauthController#basecamp_callback as HTML
  Parameters: {"code"=>"2d4adf79"}
Completed 500 Internal Server Error in 144ms (Allocations: 2111)


  
OAuth2::Error (This verification code was already used. Verification codes are single-use.: 
{"error":"This verification code was already used. Verification codes are single-use."}):
  
app/controllers/oauth_controller.rb:8:in `basecamp_callback'
Started GET "/auth/basecamp" for 2600:6c44:393f:a608:8c3c:723c:2a83:4089 at 2022-01-07 16:51:04 -0600
Cannot render console from 2600:6c44:393f:a608:8c3c:723c:2a83:4089! Allowed networks: 127.0.0.0/127.255.255.255, ::1
Processing by OauthController#basecamp as HTML
Redirected to https://launchpad.37signals.com/authorization/new?client_id=9dc3d187e9837fb4355a15c0d929d52d6a8449db&redirect_uri=https%3A%2F%2Fgatewood.ngrok.io%2Fauth%2Fbasecamp%2Fcallback&response_type=code&type=web_server
Completed 302 Found in 3ms (Allocations: 476)


Started GET "/auth/basecamp/callback?code=61057b8c" for 2600:6c44:393f:a608:8c3c:723c:2a83:4089 at 2022-01-07 16:51:05 -0600
Cannot render console from 2600:6c44:393f:a608:8c3c:723c:2a83:4089! Allowed networks: 127.0.0.0/127.255.255.255, ::1
Processing by OauthController#basecamp_callback as HTML
  Parameters: {"code"=>"61057b8c"}
Completed 500 Internal Server Error in 313ms (Allocations: 4594)


  
ActionView::MissingTemplate (Missing template oauth/basecamp_callback, application/basecamp_callback with {:locale=>[:en], :formats=>[:html], :variants=>[], :handlers=>[:raw, :erb, :html, :builder, :ruby, :jbuilder]}.

Searched in:
  * "/home/bsamson/dev/gatewood/app/views"
  * "/home/bsamson/.rvm/gems/ruby-3.0.2/gems/actiontext-7.0.1/app/views"
  * "/home/bsamson/.rvm/gems/ruby-3.0.2/gems/actionmailbox-7.0.1/app/views"

Did you mean?  layouts/application
               layouts/mailer
               layouts/rails/conductor
               rails/conductor/action_mailbox/inbound_emails/new
               rails/conductor/action_mailbox/inbound_emails/sources/new
               rails/conductor/action_mailbox/inbound_emails/show):
  
app/controllers/oauth_controller.rb:10:in `basecamp_callback'
Started GET "/auth/basecamp" for 2600:6c44:393f:a608:8c3c:723c:2a83:4089 at 2022-01-07 16:55:36 -0600
Cannot render console from 2600:6c44:393f:a608:8c3c:723c:2a83:4089! Allowed networks: 127.0.0.0/127.255.255.255, ::1
Processing by OauthController#basecamp as HTML
Redirected to https://launchpad.37signals.com/authorization/new?client_id=9dc3d187e9837fb4355a15c0d929d52d6a8449db&redirect_uri=https%3A%2F%2Fgatewood.ngrok.io%2Fauth%2Fbasecamp%2Fcallback&response_type=code&type=web_server
Completed 302 Found in 10ms (Allocations: 575)


Started GET "/auth/basecamp/callback?code=9ae6f7f1" for 2600:6c44:393f:a608:8c3c:723c:2a83:4089 at 2022-01-07 16:55:37 -0600
Cannot render console from 2600:6c44:393f:a608:8c3c:723c:2a83:4089! Allowed networks: 127.0.0.0/127.255.255.255, ::1
Processing by OauthController#basecamp_callback as HTML
  Parameters: {"code"=>"9ae6f7f1"}
  Rendering text template
  Rendered text template (Duration: 0.0ms | Allocations: 5)
Completed 200 OK in 301ms (Views: 0.8ms | Allocations: 3497)


Started GET "/auth/basecamp/check" for 2600:6c44:393f:a608:8c3c:723c:2a83:4089 at 2022-01-07 16:56:19 -0600
Cannot render console from 2600:6c44:393f:a608:8c3c:723c:2a83:4089! Allowed networks: 127.0.0.0/127.255.255.255, ::1
Processing by OauthController#basecamp_check as HTML
Completed 500 Internal Server Error in 0ms (Allocations: 520)


  
TypeError (no implicit conversion of Symbol into String):
  
app/controllers/oauth_controller.rb:18:in `basecamp_check'
Started GET "/auth/basecamp" for 2600:6c44:393f:a608:8c3c:723c:2a83:4089 at 2022-01-07 16:56:57 -0600
Cannot render console from 2600:6c44:393f:a608:8c3c:723c:2a83:4089! Allowed networks: 127.0.0.0/127.255.255.255, ::1
Processing by OauthController#basecamp as HTML
Redirected to https://launchpad.37signals.com/authorization/new?client_id=9dc3d187e9837fb4355a15c0d929d52d6a8449db&redirect_uri=https%3A%2F%2Fgatewood.ngrok.io%2Fauth%2Fbasecamp%2Fcallback&response_type=code&type=web_server
Completed 302 Found in 1ms (Allocations: 575)


Started GET "/auth/basecamp/callback?code=e62c5618" for 2600:6c44:393f:a608:8c3c:723c:2a83:4089 at 2022-01-07 16:56:59 -0600
Cannot render console from 2600:6c44:393f:a608:8c3c:723c:2a83:4089! Allowed networks: 127.0.0.0/127.255.255.255, ::1
Processing by OauthController#basecamp_callback as HTML
  Parameters: {"code"=>"e62c5618"}
  Rendering text template
  Rendered text template (Duration: 0.1ms | Allocations: 5)
Completed 200 OK in 303ms (Views: 4.2ms | Allocations: 3565)


Started GET "/auth/basecamp/check" for 2600:6c44:393f:a608:8c3c:723c:2a83:4089 at 2022-01-07 16:57:03 -0600
Cannot render console from 2600:6c44:393f:a608:8c3c:723c:2a83:4089! Allowed networks: 127.0.0.0/127.255.255.255, ::1
Processing by OauthController#basecamp_check as HTML
  Rendering text template
  Rendered text template (Duration: 0.0ms | Allocations: 2)
Completed 200 OK in 141ms (Views: 0.3ms | Allocations: 2027)


Started GET "/auth/basecamp/check" for 2600:6c44:393f:a608:8c3c:723c:2a83:4089 at 2022-01-07 16:57:05 -0600
Cannot render console from 2600:6c44:393f:a608:8c3c:723c:2a83:4089! Allowed networks: 127.0.0.0/127.255.255.255, ::1
Processing by OauthController#basecamp_check as HTML
  Rendering text template
  Rendered text template (Duration: 0.1ms | Allocations: 2)
Completed 200 OK in 152ms (Views: 1.2ms | Allocations: 1866)


Started GET "/auth/basecamp/check" for 3.239.112.250 at 2022-01-07 17:05:26 -0600
Cannot render console from 3.239.112.250! Allowed networks: 127.0.0.0/127.255.255.255, ::1
Processing by OauthController#basecamp_check as */*
  Rendering text template
  Rendered text template (Duration: 0.0ms | Allocations: 2)
Completed 200 OK in 220ms (Views: 0.3ms | Allocations: 1878)


Started GET "/auth/basecamp/check" for 131.93.246.210 at 2022-01-07 17:05:45 -0600
Cannot render console from 131.93.246.210! Allowed networks: 127.0.0.0/127.255.255.255, ::1
Processing by OauthController#basecamp_check as HTML
  Rendering text template
  Rendered text template (Duration: 0.0ms | Allocations: 2)
Completed 200 OK in 148ms (Views: 0.4ms | Allocations: 1870)


Started GET "/auth/basecamp/check" for 2600:6c44:393f:a608:2ef0:5dff:feaf:59ad at 2022-01-07 20:44:07 -0600
Cannot render console from 2600:6c44:393f:a608:2ef0:5dff:feaf:59ad! Allowed networks: 127.0.0.0/127.255.255.255, ::1
Processing by OauthController#basecamp_check as HTML
  Rendering text template
  Rendered text template (Duration: 0.0ms | Allocations: 5)
Completed 200 OK in 232ms (Views: 0.9ms | Allocations: 2528)


Started GET "/rtm" for 127.0.0.1 at 2022-01-07 22:08:06 -0600
Processing by SlackRtmController#receive as HTML
Completed 406 Not Acceptable in 1ms (Allocations: 805)


  
ActionController::MissingExactTemplate (SlackRtmController#receive is missing a template for request formats: text/html):
  
actionpack (7.0.1) lib/action_controller/metal/implicit_render.rb:45:in `default_render'
actionpack (7.0.1) lib/action_controller/metal/basic_implicit_render.rb:6:in `block in send_action'
<internal:kernel>:90:in `tap'
actionpack (7.0.1) lib/action_controller/metal/basic_implicit_render.rb:6:in `send_action'
actionpack (7.0.1) lib/abstract_controller/base.rb:214:in `process_action'
actionpack (7.0.1) lib/action_controller/metal/rendering.rb:53:in `process_action'
actionpack (7.0.1) lib/abstract_controller/callbacks.rb:234:in `block in process_action'
activesupport (7.0.1) lib/active_support/callbacks.rb:118:in `block in run_callbacks'
actiontext (7.0.1) lib/action_text/rendering.rb:20:in `with_renderer'
actiontext (7.0.1) lib/action_text/engine.rb:69:in `block (4 levels) in <class:Engine>'
activesupport (7.0.1) lib/active_support/callbacks.rb:127:in `instance_exec'
activesupport (7.0.1) lib/active_support/callbacks.rb:127:in `block in run_callbacks'
activesupport (7.0.1) lib/active_support/callbacks.rb:138:in `run_callbacks'
actionpack (7.0.1) lib/abstract_controller/callbacks.rb:233:in `process_action'
actionpack (7.0.1) lib/action_controller/metal/rescue.rb:22:in `process_action'
actionpack (7.0.1) lib/action_controller/metal/instrumentation.rb:67:in `block in process_action'
activesupport (7.0.1) lib/active_support/notifications.rb:206:in `block in instrument'
activesupport (7.0.1) lib/active_support/notifications/instrumenter.rb:24:in `instrument'
activesupport (7.0.1) lib/active_support/notifications.rb:206:in `instrument'
actionpack (7.0.1) lib/action_controller/metal/instrumentation.rb:66:in `process_action'
actionpack (7.0.1) lib/action_controller/metal/params_wrapper.rb:259:in `process_action'
activerecord (7.0.1) lib/active_record/railties/controller_runtime.rb:27:in `process_action'
actionpack (7.0.1) lib/abstract_controller/base.rb:151:in `process'
actionview (7.0.1) lib/action_view/rendering.rb:39:in `process'
actionpack (7.0.1) lib/action_controller/metal.rb:188:in `dispatch'
actionpack (7.0.1) lib/action_controller/metal.rb:251:in `dispatch'
actionpack (7.0.1) lib/action_dispatch/routing/route_set.rb:49:in `dispatch'
actionpack (7.0.1) lib/action_dispatch/routing/route_set.rb:32:in `serve'
actionpack (7.0.1) lib/action_dispatch/journey/router.rb:50:in `block in serve'
actionpack (7.0.1) lib/action_dispatch/journey/router.rb:32:in `each'
actionpack (7.0.1) lib/action_dispatch/journey/router.rb:32:in `serve'
actionpack (7.0.1) lib/action_dispatch/routing/route_set.rb:850:in `call'
rack (2.2.3) lib/rack/tempfile_reaper.rb:15:in `call'
rack (2.2.3) lib/rack/etag.rb:27:in `call'
rack (2.2.3) lib/rack/conditional_get.rb:27:in `call'
rack (2.2.3) lib/rack/head.rb:12:in `call'
actionpack (7.0.1) lib/action_dispatch/http/permissions_policy.rb:22:in `call'
actionpack (7.0.1) lib/action_dispatch/http/content_security_policy.rb:18:in `call'
rack (2.2.3) lib/rack/session/abstract/id.rb:266:in `context'
rack (2.2.3) lib/rack/session/abstract/id.rb:260:in `call'
actionpack (7.0.1) lib/action_dispatch/middleware/cookies.rb:693:in `call'
activerecord (7.0.1) lib/active_record/migration.rb:603:in `call'
actionpack (7.0.1) lib/action_dispatch/middleware/callbacks.rb:27:in `block in call'
activesupport (7.0.1) lib/active_support/callbacks.rb:99:in `run_callbacks'
actionpack (7.0.1) lib/action_dispatch/middleware/callbacks.rb:26:in `call'
actionpack (7.0.1) lib/action_dispatch/middleware/executor.rb:14:in `call'
actionpack (7.0.1) lib/action_dispatch/middleware/actionable_exceptions.rb:17:in `call'
actionpack (7.0.1) lib/action_dispatch/middleware/debug_exceptions.rb:28:in `call'
web-console (4.2.0) lib/web_console/middleware.rb:132:in `call_app'
web-console (4.2.0) lib/web_console/middleware.rb:28:in `block in call'
web-console (4.2.0) lib/web_console/middleware.rb:17:in `catch'
web-console (4.2.0) lib/web_console/middleware.rb:17:in `call'
actionpack (7.0.1) lib/action_dispatch/middleware/show_exceptions.rb:26:in `call'
railties (7.0.1) lib/rails/rack/logger.rb:36:in `call_app'
railties (7.0.1) lib/rails/rack/logger.rb:25:in `block in call'
activesupport (7.0.1) lib/active_support/tagged_logging.rb:99:in `block in tagged'
activesupport (7.0.1) lib/active_support/tagged_logging.rb:37:in `tagged'
activesupport (7.0.1) lib/active_support/tagged_logging.rb:99:in `tagged'
railties (7.0.1) lib/rails/rack/logger.rb:25:in `call'
sprockets-rails (3.4.2) lib/sprockets/rails/quiet_assets.rb:13:in `call'
actionpack (7.0.1) lib/action_dispatch/middleware/remote_ip.rb:93:in `call'
actionpack (7.0.1) lib/action_dispatch/middleware/request_id.rb:26:in `call'
rack (2.2.3) lib/rack/method_override.rb:24:in `call'
rack (2.2.3) lib/rack/runtime.rb:22:in `call'
activesupport (7.0.1) lib/active_support/cache/strategy/local_cache_middleware.rb:29:in `call'
actionpack (7.0.1) lib/action_dispatch/middleware/server_timing.rb:20:in `call'
actionpack (7.0.1) lib/action_dispatch/middleware/executor.rb:14:in `call'
actionpack (7.0.1) lib/action_dispatch/middleware/static.rb:23:in `call'
rack (2.2.3) lib/rack/sendfile.rb:110:in `call'
actionpack (7.0.1) lib/action_dispatch/middleware/host_authorization.rb:137:in `call'
railties (7.0.1) lib/rails/engine.rb:530:in `call'
puma (5.5.2) lib/puma/configuration.rb:249:in `call'
puma (5.5.2) lib/puma/request.rb:77:in `block in handle_request'
puma (5.5.2) lib/puma/thread_pool.rb:340:in `with_force_shutdown'
puma (5.5.2) lib/puma/request.rb:76:in `handle_request'
puma (5.5.2) lib/puma/server.rb:447:in `process_client'
puma (5.5.2) lib/puma/thread_pool.rb:147:in `block in spawn_thread'
Started GET "/rtm" for 127.0.0.1 at 2022-01-07 22:10:26 -0600
Processing by SlackRtmController#receive as HTML
Completed 200 OK in 0ms (Views: 0.1ms | Allocations: 307)


Started POST "/rtm" for 127.0.0.1 at 2022-01-07 22:10:58 -0600
Processing by SlackRtmController#receive as JSON
  Parameters: {"client_msg_id"=>"941250d8-2ad0-4b3b-a0bc-c382981a0ded", "type"=>"message", "text"=>"basecamp test", "user"=>"U025BJZ44", "ts"=>"1641615057.005200", "team"=>"T025BJZ3Y", "blocks"=>[{"type"=>"rich_text", "block_id"=>"QemQ", "elements"=>[{"type"=>"rich_text_section", "elements"=>[{"type"=>"text", "text"=>"basecamp test"}]}]}], "channel"=>"CD137QCP3", "event_ts"=>"1641615057.005200", "channel_type"=>"channel", "slack_rtm"=>{"client_msg_id"=>"941250d8-2ad0-4b3b-a0bc-c382981a0ded", "type"=>"message", "text"=>"basecamp test", "user"=>"U025BJZ44", "ts"=>"1641615057.005200", "team"=>"T025BJZ3Y", "blocks"=>[{"type"=>"rich_text", "block_id"=>"QemQ", "elements"=>[{"type"=>"rich_text_section", "elements"=>[{"type"=>"text", "text"=>"basecamp test"}]}]}], "channel"=>"CD137QCP3", "event_ts"=>"1641615057.005200", "channel_type"=>"channel"}}
Can't verify CSRF token authenticity.
Completed 422 Unprocessable Entity in 0ms (Allocations: 443)


  
ActionController::InvalidAuthenticityToken (Can't verify CSRF token authenticity.):
  
actionpack (7.0.1) lib/action_controller/metal/request_forgery_protection.rb:251:in `handle_unverified_request'
actionpack (7.0.1) lib/action_controller/metal/request_forgery_protection.rb:284:in `handle_unverified_request'
actionpack (7.0.1) lib/action_controller/metal/request_forgery_protection.rb:273:in `verify_authenticity_token'
activesupport (7.0.1) lib/active_support/callbacks.rb:400:in `block in make_lambda'
activesupport (7.0.1) lib/active_support/callbacks.rb:199:in `block (2 levels) in halting'
actionpack (7.0.1) lib/abstract_controller/callbacks.rb:34:in `block (2 levels) in <module:Callbacks>'
activesupport (7.0.1) lib/active_support/callbacks.rb:200:in `block in halting'
activesupport (7.0.1) lib/active_support/callbacks.rb:595:in `block in invoke_before'
activesupport (7.0.1) lib/active_support/callbacks.rb:595:in `each'
activesupport (7.0.1) lib/active_support/callbacks.rb:595:in `invoke_before'
activesupport (7.0.1) lib/active_support/callbacks.rb:116:in `block in run_callbacks'
activesupport (7.0.1) lib/active_support/callbacks.rb:138:in `run_callbacks'
actionpack (7.0.1) lib/abstract_controller/callbacks.rb:233:in `process_action'
actionpack (7.0.1) lib/action_controller/metal/rescue.rb:22:in `process_action'
actionpack (7.0.1) lib/action_controller/metal/instrumentation.rb:67:in `block in process_action'
activesupport (7.0.1) lib/active_support/notifications.rb:206:in `block in instrument'
activesupport (7.0.1) lib/active_support/notifications/instrumenter.rb:24:in `instrument'
activesupport (7.0.1) lib/active_support/notifications.rb:206:in `instrument'
actionpack (7.0.1) lib/action_controller/metal/instrumentation.rb:66:in `process_action'
actionpack (7.0.1) lib/action_controller/metal/params_wrapper.rb:259:in `process_action'
activerecord (7.0.1) lib/active_record/railties/controller_runtime.rb:27:in `process_action'
actionpack (7.0.1) lib/abstract_controller/base.rb:151:in `process'
actionview (7.0.1) lib/action_view/rendering.rb:39:in `process'
actionpack (7.0.1) lib/action_controller/metal.rb:188:in `dispatch'
actionpack (7.0.1) lib/action_controller/metal.rb:251:in `dispatch'
actionpack (7.0.1) lib/action_dispatch/routing/route_set.rb:49:in `dispatch'
actionpack (7.0.1) lib/action_dispatch/routing/route_set.rb:32:in `serve'
actionpack (7.0.1) lib/action_dispatch/journey/router.rb:50:in `block in serve'
actionpack (7.0.1) lib/action_dispatch/journey/router.rb:32:in `each'
actionpack (7.0.1) lib/action_dispatch/journey/router.rb:32:in `serve'
actionpack (7.0.1) lib/action_dispatch/routing/route_set.rb:850:in `call'
rack (2.2.3) lib/rack/tempfile_reaper.rb:15:in `call'
rack (2.2.3) lib/rack/etag.rb:27:in `call'
rack (2.2.3) lib/rack/conditional_get.rb:40:in `call'
rack (2.2.3) lib/rack/head.rb:12:in `call'
actionpack (7.0.1) lib/action_dispatch/http/permissions_policy.rb:22:in `call'
actionpack (7.0.1) lib/action_dispatch/http/content_security_policy.rb:18:in `call'
rack (2.2.3) lib/rack/session/abstract/id.rb:266:in `context'
rack (2.2.3) lib/rack/session/abstract/id.rb:260:in `call'
actionpack (7.0.1) lib/action_dispatch/middleware/cookies.rb:693:in `call'
activerecord (7.0.1) lib/active_record/migration.rb:603:in `call'
actionpack (7.0.1) lib/action_dispatch/middleware/callbacks.rb:27:in `block in call'
activesupport (7.0.1) lib/active_support/callbacks.rb:99:in `run_callbacks'
actionpack (7.0.1) lib/action_dispatch/middleware/callbacks.rb:26:in `call'
actionpack (7.0.1) lib/action_dispatch/middleware/executor.rb:14:in `call'
actionpack (7.0.1) lib/action_dispatch/middleware/actionable_exceptions.rb:17:in `call'
actionpack (7.0.1) lib/action_dispatch/middleware/debug_exceptions.rb:28:in `call'
web-console (4.2.0) lib/web_console/middleware.rb:132:in `call_app'
web-console (4.2.0) lib/web_console/middleware.rb:28:in `block in call'
web-console (4.2.0) lib/web_console/middleware.rb:17:in `catch'
web-console (4.2.0) lib/web_console/middleware.rb:17:in `call'
actionpack (7.0.1) lib/action_dispatch/middleware/show_exceptions.rb:26:in `call'
railties (7.0.1) lib/rails/rack/logger.rb:36:in `call_app'
railties (7.0.1) lib/rails/rack/logger.rb:25:in `block in call'
activesupport (7.0.1) lib/active_support/tagged_logging.rb:99:in `block in tagged'
activesupport (7.0.1) lib/active_support/tagged_logging.rb:37:in `tagged'
activesupport (7.0.1) lib/active_support/tagged_logging.rb:99:in `tagged'
railties (7.0.1) lib/rails/rack/logger.rb:25:in `call'
sprockets-rails (3.4.2) lib/sprockets/rails/quiet_assets.rb:13:in `call'
actionpack (7.0.1) lib/action_dispatch/middleware/remote_ip.rb:93:in `call'
actionpack (7.0.1) lib/action_dispatch/middleware/request_id.rb:26:in `call'
rack (2.2.3) lib/rack/method_override.rb:24:in `call'
rack (2.2.3) lib/rack/runtime.rb:22:in `call'
activesupport (7.0.1) lib/active_support/cache/strategy/local_cache_middleware.rb:29:in `call'
actionpack (7.0.1) lib/action_dispatch/middleware/server_timing.rb:20:in `call'
actionpack (7.0.1) lib/action_dispatch/middleware/executor.rb:14:in `call'
actionpack (7.0.1) lib/action_dispatch/middleware/static.rb:23:in `call'
rack (2.2.3) lib/rack/sendfile.rb:110:in `call'
actionpack (7.0.1) lib/action_dispatch/middleware/host_authorization.rb:137:in `call'
railties (7.0.1) lib/rails/engine.rb:530:in `call'
puma (5.5.2) lib/puma/configuration.rb:249:in `call'
puma (5.5.2) lib/puma/request.rb:77:in `block in handle_request'
puma (5.5.2) lib/puma/thread_pool.rb:340:in `with_force_shutdown'
puma (5.5.2) lib/puma/request.rb:76:in `handle_request'
puma (5.5.2) lib/puma/server.rb:447:in `process_client'
puma (5.5.2) lib/puma/thread_pool.rb:147:in `block in spawn_thread'
Started POST "/rtm" for 127.0.0.1 at 2022-01-07 22:12:39 -0600
Processing by SlackRtmController#receive as JSON
  Parameters: {"client_msg_id"=>"d4f3de68-ee84-446d-9dca-1bac406913f8", "type"=>"message", "text"=>"basecamp test", "user"=>"U025BJZ44", "ts"=>"1641615158.005500", "team"=>"T025BJZ3Y", "blocks"=>[{"type"=>"rich_text", "block_id"=>"trG", "elements"=>[{"type"=>"rich_text_section", "elements"=>[{"type"=>"text", "text"=>"basecamp test"}]}]}], "channel"=>"CD137QCP3", "event_ts"=>"1641615158.005500", "channel_type"=>"channel", "slack_rtm"=>{"client_msg_id"=>"d4f3de68-ee84-446d-9dca-1bac406913f8", "type"=>"message", "text"=>"basecamp test", "user"=>"U025BJZ44", "ts"=>"1641615158.005500", "team"=>"T025BJZ3Y", "blocks"=>[{"type"=>"rich_text", "block_id"=>"trG", "elements"=>[{"type"=>"rich_text_section", "elements"=>[{"type"=>"text", "text"=>"basecamp test"}]}]}], "channel"=>"CD137QCP3", "event_ts"=>"1641615158.005500", "channel_type"=>"channel"}}
Completed 200 OK in 0ms (Views: 0.1ms | Allocations: 277)


Started POST "/rtm" for 127.0.0.1 at 2022-01-07 22:13:36 -0600
Processing by SlackRtmController#receive as JSON
  Parameters: {"client_msg_id"=>"dc612190-9400-4376-b105-4acb3b33d3ab", "type"=>"message", "text"=>"basecamp test", "user"=>"U025BJZ44", "ts"=>"1641615214.005900", "team"=>"T025BJZ3Y", "blocks"=>[{"type"=>"rich_text", "block_id"=>"yPFK", "elements"=>[{"type"=>"rich_text_section", "elements"=>[{"type"=>"text", "text"=>"basecamp test"}]}]}], "channel"=>"CD137QCP3", "event_ts"=>"1641615214.005900", "channel_type"=>"channel", "slack_rtm"=>{"client_msg_id"=>"dc612190-9400-4376-b105-4acb3b33d3ab", "type"=>"message", "text"=>"basecamp test", "user"=>"U025BJZ44", "ts"=>"1641615214.005900", "team"=>"T025BJZ3Y", "blocks"=>[{"type"=>"rich_text", "block_id"=>"yPFK", "elements"=>[{"type"=>"rich_text_section", "elements"=>[{"type"=>"text", "text"=>"basecamp test"}]}]}], "channel"=>"CD137QCP3", "event_ts"=>"1641615214.005900", "channel_type"=>"channel"}}
Completed 200 OK in 0ms (Views: 0.1ms | Allocations: 276)


Started POST "/rtm" for 127.0.0.1 at 2022-01-07 22:13:58 -0600
Processing by SlackRtmController#receive as JSON
  Parameters: {"client_msg_id"=>"a3ac0646-aee4-4192-b293-595f53287121", "type"=>"message", "text"=>"basecamp test", "user"=>"U025BJZ44", "ts"=>"1641615177.005700", "team"=>"T025BJZ3Y", "blocks"=>[{"type"=>"rich_text", "block_id"=>"lq3No", "elements"=>[{"type"=>"rich_text_section", "elements"=>[{"type"=>"text", "text"=>"basecamp test"}]}]}], "channel"=>"CD137QCP3", "event_ts"=>"1641615177.005700", "channel_type"=>"channel", "slack_rtm"=>{"client_msg_id"=>"a3ac0646-aee4-4192-b293-595f53287121", "type"=>"message", "text"=>"basecamp test", "user"=>"U025BJZ44", "ts"=>"1641615177.005700", "team"=>"T025BJZ3Y", "blocks"=>[{"type"=>"rich_text", "block_id"=>"lq3No", "elements"=>[{"type"=>"rich_text_section", "elements"=>[{"type"=>"text", "text"=>"basecamp test"}]}]}], "channel"=>"CD137QCP3", "event_ts"=>"1641615177.005700", "channel_type"=>"channel"}}
Completed 200 OK in 0ms (Views: 0.1ms | Allocations: 156)


Started POST "/rtm" for 127.0.0.1 at 2022-01-07 22:14:49 -0600
Processing by SlackRtmController#receive as JSON
  Parameters: {"client_msg_id"=>"f596c12a-9051-4587-9a53-733d6bfdb1ca", "type"=>"message", "text"=>"!todo deploy the slack bot to docker due tomorrow", "user"=>"U025BJZ44", "ts"=>"1641615288.006600", "team"=>"T025BJZ3Y", "blocks"=>[{"type"=>"rich_text", "block_id"=>"AT6", "elements"=>[{"type"=>"rich_text_section", "elements"=>[{"type"=>"text", "text"=>"!todo deploy the slack bot to docker due tomorrow"}]}]}], "channel"=>"CD137QCP3", "event_ts"=>"1641615288.006600", "channel_type"=>"channel", "slack_rtm"=>{"client_msg_id"=>"f596c12a-9051-4587-9a53-733d6bfdb1ca", "type"=>"message", "text"=>"!todo deploy the slack bot to docker due tomorrow", "user"=>"U025BJZ44", "ts"=>"1641615288.006600", "team"=>"T025BJZ3Y", "blocks"=>[{"type"=>"rich_text", "block_id"=>"AT6", "elements"=>[{"type"=>"rich_text_section", "elements"=>[{"type"=>"text", "text"=>"!todo deploy the slack bot to docker due tomorrow"}]}]}], "channel"=>"CD137QCP3", "event_ts"=>"1641615288.006600", "channel_type"=>"channel"}}
Completed 200 OK in 0ms (Views: 0.2ms | Allocations: 156)


Started POST "/rtm" for 127.0.0.1 at 2022-01-07 22:17:10 -0600
Processing by SlackRtmController#receive as JSON
  Parameters: {"client_msg_id"=>"918d6c5e-f044-4ca2-a0de-f252fd771c6e", "type"=>"message", "text"=>"I'm testing !todo", "user"=>"U025BJZ44", "ts"=>"1641615429.007000", "team"=>"T025BJZ3Y", "blocks"=>[{"type"=>"rich_text", "block_id"=>"TaN", "elements"=>[{"type"=>"rich_text_section", "elements"=>[{"type"=>"text", "text"=>"I'm testing !todo"}]}]}], "channel"=>"CD137QCP3", "event_ts"=>"1641615429.007000", "channel_type"=>"channel", "slack_rtm"=>{"client_msg_id"=>"918d6c5e-f044-4ca2-a0de-f252fd771c6e", "type"=>"message", "text"=>"I'm testing !todo", "user"=>"U025BJZ44", "ts"=>"1641615429.007000", "team"=>"T025BJZ3Y", "blocks"=>[{"type"=>"rich_text", "block_id"=>"TaN", "elements"=>[{"type"=>"rich_text_section", "elements"=>[{"type"=>"text", "text"=>"I'm testing !todo"}]}]}], "channel"=>"CD137QCP3", "event_ts"=>"1641615429.007000", "channel_type"=>"channel"}}
Completed 200 OK in 0ms (Views: 0.1ms | Allocations: 290)


Started POST "/rtm" for 127.0.0.1 at 2022-01-07 22:17:36 -0600
Processing by SlackRtmController#receive as JSON
  Parameters: {"client_msg_id"=>"93b3e765-828f-4015-b395-7ffbc32080f1", "type"=>"message", "text"=>"!todo deploy the slack bot to docker due tomorrow", "user"=>"U025BJZ44", "ts"=>"1641615455.007400", "team"=>"T025BJZ3Y", "blocks"=>[{"type"=>"rich_text", "block_id"=>"GArl0", "elements"=>[{"type"=>"rich_text_section", "elements"=>[{"type"=>"text", "text"=>"!todo deploy the slack bot to docker due tomorrow"}]}]}], "channel"=>"CD137QCP3", "event_ts"=>"1641615455.007400", "channel_type"=>"channel", "slack_rtm"=>{"client_msg_id"=>"93b3e765-828f-4015-b395-7ffbc32080f1", "type"=>"message", "text"=>"!todo deploy the slack bot to docker due tomorrow", "user"=>"U025BJZ44", "ts"=>"1641615455.007400", "team"=>"T025BJZ3Y", "blocks"=>[{"type"=>"rich_text", "block_id"=>"GArl0", "elements"=>[{"type"=>"rich_text_section", "elements"=>[{"type"=>"text", "text"=>"!todo deploy the slack bot to docker due tomorrow"}]}]}], "channel"=>"CD137QCP3", "event_ts"=>"1641615455.007400", "channel_type"=>"channel"}}
Completed 200 OK in 1ms (Views: 0.2ms | Allocations: 293)


Started POST "/rtm" for 127.0.0.1 at 2022-01-07 22:27:52 -0600
Processing by SlackRtmController#receive as JSON
  Parameters: {"client_msg_id"=>"0a2050bb-96aa-44a8-8254-ac299e8b23b7", "type"=>"message", "text"=>"!todo deploy the slack bot to docker due tomorrow", "user"=>"U025BJZ44", "ts"=>"1641616072.008000", "team"=>"T025BJZ3Y", "blocks"=>[{"type"=>"rich_text", "block_id"=>"vZEQ", "elements"=>[{"type"=>"rich_text_section", "elements"=>[{"type"=>"text", "text"=>"!todo deploy the slack bot to docker due tomorrow"}]}]}], "channel"=>"CD137QCP3", "event_ts"=>"1641616072.008000", "channel_type"=>"channel", "slack_rtm"=>{"client_msg_id"=>"0a2050bb-96aa-44a8-8254-ac299e8b23b7", "type"=>"message", "text"=>"!todo deploy the slack bot to docker due tomorrow", "user"=>"U025BJZ44", "ts"=>"1641616072.008000", "team"=>"T025BJZ3Y", "blocks"=>[{"type"=>"rich_text", "block_id"=>"vZEQ", "elements"=>[{"type"=>"rich_text_section", "elements"=>[{"type"=>"text", "text"=>"!todo deploy the slack bot to docker due tomorrow"}]}]}], "channel"=>"CD137QCP3", "event_ts"=>"1641616072.008000", "channel_type"=>"channel"}}
Completed 200 OK in 2ms (Views: 0.2ms | ActiveRecord: 0.0ms | Allocations: 3076)


Started POST "/rtm" for 127.0.0.1 at 2022-01-07 22:34:40 -0600
Processing by SlackRtmController#receive as JSON
  Parameters: {"client_msg_id"=>"13d87efd-74d2-4d89-9aba-38ecd3834d26", "type"=>"message", "text"=>"!todo deploy the slack bot to docker due tomorrow", "user"=>"U025BJZ44", "ts"=>"1641616479.008300", "team"=>"T025BJZ3Y", "blocks"=>[{"type"=>"rich_text", "block_id"=>"JzX", "elements"=>[{"type"=>"rich_text_section", "elements"=>[{"type"=>"text", "text"=>"!todo deploy the slack bot to docker due tomorrow"}]}]}], "channel"=>"CD137QCP3", "event_ts"=>"1641616479.008300", "channel_type"=>"channel", "slack_rtm"=>{"client_msg_id"=>"13d87efd-74d2-4d89-9aba-38ecd3834d26", "type"=>"message", "text"=>"!todo deploy the slack bot to docker due tomorrow", "user"=>"U025BJZ44", "ts"=>"1641616479.008300", "team"=>"T025BJZ3Y", "blocks"=>[{"type"=>"rich_text", "block_id"=>"JzX", "elements"=>[{"type"=>"rich_text_section", "elements"=>[{"type"=>"text", "text"=>"!todo deploy the slack bot to docker due tomorrow"}]}]}], "channel"=>"CD137QCP3", "event_ts"=>"1641616479.008300", "channel_type"=>"channel"}}
Completed 200 OK in 1ms (Views: 0.2ms | Allocations: 932)


Started POST "/rtm" for 127.0.0.1 at 2022-01-07 22:36:02 -0600
Processing by SlackRtmController#receive as JSON
  Parameters: {"client_msg_id"=>"7eb7f864-6142-40a6-a9a6-a6bb1db81207", "type"=>"message", "text"=>"!todo deploy the slack bot to docker due tomorrow", "user"=>"U025BJZ44", "ts"=>"1641616562.008600", "team"=>"T025BJZ3Y", "blocks"=>[{"type"=>"rich_text", "block_id"=>"JCW", "elements"=>[{"type"=>"rich_text_section", "elements"=>[{"type"=>"text", "text"=>"!todo deploy the slack bot to docker due tomorrow"}]}]}], "channel"=>"CD137QCP3", "event_ts"=>"1641616562.008600", "channel_type"=>"channel", "slack_rtm"=>{"client_msg_id"=>"7eb7f864-6142-40a6-a9a6-a6bb1db81207", "type"=>"message", "text"=>"!todo deploy the slack bot to docker due tomorrow", "user"=>"U025BJZ44", "ts"=>"1641616562.008600", "team"=>"T025BJZ3Y", "blocks"=>[{"type"=>"rich_text", "block_id"=>"JCW", "elements"=>[{"type"=>"rich_text_section", "elements"=>[{"type"=>"text", "text"=>"!todo deploy the slack bot to docker due tomorrow"}]}]}], "channel"=>"CD137QCP3", "event_ts"=>"1641616562.008600", "channel_type"=>"channel"}}
Completed 200 OK in 1ms (Views: 0.1ms | Allocations: 811)


Started POST "/rtm" for 127.0.0.1 at 2022-01-07 22:36:49 -0600
Processing by SlackRtmController#receive as JSON
  Parameters: {"client_msg_id"=>"e032a25c-43b3-4ff0-9c39-d4e69f2a5812", "type"=>"message", "text"=>"!todo deploy the slack bot to docker due tomorrow", "user"=>"U025BJZ44", "ts"=>"1641616608.008900", "team"=>"T025BJZ3Y", "blocks"=>[{"type"=>"rich_text", "block_id"=>"VuS/", "elements"=>[{"type"=>"rich_text_section", "elements"=>[{"type"=>"text", "text"=>"!todo deploy the slack bot to docker due tomorrow"}]}]}], "channel"=>"CD137QCP3", "event_ts"=>"1641616608.008900", "channel_type"=>"channel", "slack_rtm"=>{"client_msg_id"=>"e032a25c-43b3-4ff0-9c39-d4e69f2a5812", "type"=>"message", "text"=>"!todo deploy the slack bot to docker due tomorrow", "user"=>"U025BJZ44", "ts"=>"1641616608.008900", "team"=>"T025BJZ3Y", "blocks"=>[{"type"=>"rich_text", "block_id"=>"VuS/", "elements"=>[{"type"=>"rich_text_section", "elements"=>[{"type"=>"text", "text"=>"!todo deploy the slack bot to docker due tomorrow"}]}]}], "channel"=>"CD137QCP3", "event_ts"=>"1641616608.008900", "channel_type"=>"channel"}}
Completed 200 OK in 1ms (Views: 0.1ms | Allocations: 943)


Started POST "/rtm" for 127.0.0.1 at 2022-01-07 22:43:21 -0600
Processing by SlackRtmController#receive as JSON
  Parameters: {"client_msg_id"=>"160c894f-a232-4b2b-bc9d-11c1eee68806", "type"=>"message", "text"=>"!todo go to bed now", "user"=>"U025BJZ44", "ts"=>"1641617000.009200", "team"=>"T025BJZ3Y", "blocks"=>[{"type"=>"rich_text", "block_id"=>"GX0", "elements"=>[{"type"=>"rich_text_section", "elements"=>[{"type"=>"text", "text"=>"!todo go to bed now"}]}]}], "channel"=>"CD137QCP3", "event_ts"=>"1641617000.009200", "channel_type"=>"channel", "slack_rtm"=>{"client_msg_id"=>"160c894f-a232-4b2b-bc9d-11c1eee68806", "type"=>"message", "text"=>"!todo go to bed now", "user"=>"U025BJZ44", "ts"=>"1641617000.009200", "team"=>"T025BJZ3Y", "blocks"=>[{"type"=>"rich_text", "block_id"=>"GX0", "elements"=>[{"type"=>"rich_text_section", "elements"=>[{"type"=>"text", "text"=>"!todo go to bed now"}]}]}], "channel"=>"CD137QCP3", "event_ts"=>"1641617000.009200", "channel_type"=>"channel"}}
Completed 500 Internal Server Error in 1ms (Allocations: 1449)


  
NoMethodError (undefined method `downcase' for nil:NilClass):
  
app/services/command_parser.rb:24:in `rescue in parse_due_date'
app/services/command_parser.rb:20:in `parse_due_date'
app/services/command_parser.rb:12:in `initialize'
app/services/command_parser.rb:4:in `new'
app/services/command_parser.rb:4:in `parse'
app/controllers/slack_rtm_controller.rb:8:in `receive'
Started POST "/rtm" for 127.0.0.1 at 2022-01-07 23:12:08 -0600
Processing by SlackRtmController#receive as JSON
  Parameters: {"client_msg_id"=>"d703a03f-c22c-4732-93a0-5f810d88b0c7", "type"=>"message", "text"=>"!todo wake up and do morning yoga tomorrow", "user"=>"U025BJZ44", "ts"=>"1641618728.009700", "team"=>"T025BJZ3Y", "blocks"=>[{"type"=>"rich_text", "block_id"=>"MqEV", "elements"=>[{"type"=>"rich_text_section", "elements"=>[{"type"=>"text", "text"=>"!todo wake up and do morning yoga tomorrow"}]}]}], "channel"=>"CD137QCP3", "event_ts"=>"1641618728.009700", "channel_type"=>"channel", "slack_rtm"=>{"client_msg_id"=>"d703a03f-c22c-4732-93a0-5f810d88b0c7", "type"=>"message", "text"=>"!todo wake up and do morning yoga tomorrow", "user"=>"U025BJZ44", "ts"=>"1641618728.009700", "team"=>"T025BJZ3Y", "blocks"=>[{"type"=>"rich_text", "block_id"=>"MqEV", "elements"=>[{"type"=>"rich_text_section", "elements"=>[{"type"=>"text", "text"=>"!todo wake up and do morning yoga tomorrow"}]}]}], "channel"=>"CD137QCP3", "event_ts"=>"1641618728.009700", "channel_type"=>"channel"}}
Completed 200 OK in 1ms (Views: 0.1ms | Allocations: 643)


Started POST "/rtm" for 127.0.0.1 at 2022-01-07 23:15:17 -0600
Processing by SlackRtmController#receive as JSON
  Parameters: {"client_msg_id"=>"8e5e86df-5609-40b4-ad30-8e8fdee39612", "type"=>"message", "text"=>"!todo wake up and do morning yoga tomorrow", "user"=>"U025BJZ44", "ts"=>"1641618917.010000", "team"=>"T025BJZ3Y", "blocks"=>[{"type"=>"rich_text", "block_id"=>"3sZx/", "elements"=>[{"type"=>"rich_text_section", "elements"=>[{"type"=>"text", "text"=>"!todo wake up and do morning yoga tomorrow"}]}]}], "channel"=>"CD137QCP3", "event_ts"=>"1641618917.010000", "channel_type"=>"channel", "slack_rtm"=>{"client_msg_id"=>"8e5e86df-5609-40b4-ad30-8e8fdee39612", "type"=>"message", "text"=>"!todo wake up and do morning yoga tomorrow", "user"=>"U025BJZ44", "ts"=>"1641618917.010000", "team"=>"T025BJZ3Y", "blocks"=>[{"type"=>"rich_text", "block_id"=>"3sZx/", "elements"=>[{"type"=>"rich_text_section", "elements"=>[{"type"=>"text", "text"=>"!todo wake up and do morning yoga tomorrow"}]}]}], "channel"=>"CD137QCP3", "event_ts"=>"1641618917.010000", "channel_type"=>"channel"}}
Completed 200 OK in 2ms (Views: 0.2ms | ActiveRecord: 0.0ms | Allocations: 3391)


Started POST "/rtm" for 127.0.0.1 at 2022-01-07 23:16:22 -0600
Processing by SlackRtmController#receive as JSON
  Parameters: {"client_msg_id"=>"f656ae55-c6d3-489c-9cc5-264342a66b1d", "type"=>"message", "text"=>"!todo do it tomorrow", "user"=>"U025BJZ44", "ts"=>"1641618981.010300", "team"=>"T025BJZ3Y", "blocks"=>[{"type"=>"rich_text", "block_id"=>"a99", "elements"=>[{"type"=>"rich_text_section", "elements"=>[{"type"=>"text", "text"=>"!todo do it tomorrow"}]}]}], "channel"=>"CD137QCP3", "event_ts"=>"1641618981.010300", "channel_type"=>"channel", "slack_rtm"=>{"client_msg_id"=>"f656ae55-c6d3-489c-9cc5-264342a66b1d", "type"=>"message", "text"=>"!todo do it tomorrow", "user"=>"U025BJZ44", "ts"=>"1641618981.010300", "team"=>"T025BJZ3Y", "blocks"=>[{"type"=>"rich_text", "block_id"=>"a99", "elements"=>[{"type"=>"rich_text_section", "elements"=>[{"type"=>"text", "text"=>"!todo do it tomorrow"}]}]}], "channel"=>"CD137QCP3", "event_ts"=>"1641618981.010300", "channel_type"=>"channel"}}
Completed 200 OK in 0ms (Views: 0.1ms | ActiveRecord: 0.0ms | Allocations: 337)


Started POST "/rtm" for 127.0.0.1 at 2022-01-07 23:16:52 -0600
Processing by SlackRtmController#receive as JSON
  Parameters: {"client_msg_id"=>"4715d10e-21e1-4d2f-a53e-d9baf14103c2", "type"=>"message", "text"=>"!todo it tomorrow", "user"=>"U025BJZ44", "ts"=>"1641619011.010600", "team"=>"T025BJZ3Y", "blocks"=>[{"type"=>"rich_text", "block_id"=>"HMi", "elements"=>[{"type"=>"rich_text_section", "elements"=>[{"type"=>"text", "text"=>"!todo it tomorrow"}]}]}], "channel"=>"CD137QCP3", "event_ts"=>"1641619011.010600", "channel_type"=>"channel", "slack_rtm"=>{"client_msg_id"=>"4715d10e-21e1-4d2f-a53e-d9baf14103c2", "type"=>"message", "text"=>"!todo it tomorrow", "user"=>"U025BJZ44", "ts"=>"1641619011.010600", "team"=>"T025BJZ3Y", "blocks"=>[{"type"=>"rich_text", "block_id"=>"HMi", "elements"=>[{"type"=>"rich_text_section", "elements"=>[{"type"=>"text", "text"=>"!todo it tomorrow"}]}]}], "channel"=>"CD137QCP3", "event_ts"=>"1641619011.010600", "channel_type"=>"channel"}}
Completed 200 OK in 2ms (Views: 0.1ms | ActiveRecord: 0.0ms | Allocations: 3391)


Started POST "/rtm" for 127.0.0.1 at 2022-01-07 23:17:23 -0600
Processing by SlackRtmController#receive as JSON
  Parameters: {"client_msg_id"=>"a52cd17b-72d2-4a63-86de-cd4850212e5d", "type"=>"message", "text"=>"!todo things tomorrow", "user"=>"U025BJZ44", "ts"=>"1641619042.010900", "team"=>"T025BJZ3Y", "blocks"=>[{"type"=>"rich_text", "block_id"=>"BxPT", "elements"=>[{"type"=>"rich_text_section", "elements"=>[{"type"=>"text", "text"=>"!todo things tomorrow"}]}]}], "channel"=>"CD137QCP3", "event_ts"=>"1641619042.010900", "channel_type"=>"channel", "slack_rtm"=>{"client_msg_id"=>"a52cd17b-72d2-4a63-86de-cd4850212e5d", "type"=>"message", "text"=>"!todo things tomorrow", "user"=>"U025BJZ44", "ts"=>"1641619042.010900", "team"=>"T025BJZ3Y", "blocks"=>[{"type"=>"rich_text", "block_id"=>"BxPT", "elements"=>[{"type"=>"rich_text_section", "elements"=>[{"type"=>"text", "text"=>"!todo things tomorrow"}]}]}], "channel"=>"CD137QCP3", "event_ts"=>"1641619042.010900", "channel_type"=>"channel"}}
Started POST "/rtm" for 127.0.0.1 at 2022-01-07 23:17:53 -0600
Processing by SlackRtmController#receive as JSON
  Parameters: {"client_msg_id"=>"931aaed6-b907-4b9f-b010-73591b39d75f", "type"=>"message", "text"=>"!todo stuff tomorrow", "user"=>"U025BJZ44", "ts"=>"1641619072.011200", "team"=>"T025BJZ3Y", "blocks"=>[{"type"=>"rich_text", "block_id"=>"Kvv", "elements"=>[{"type"=>"rich_text_section", "elements"=>[{"type"=>"text", "text"=>"!todo stuff tomorrow"}]}]}], "channel"=>"CD137QCP3", "event_ts"=>"1641619072.011200", "channel_type"=>"channel", "slack_rtm"=>{"client_msg_id"=>"931aaed6-b907-4b9f-b010-73591b39d75f", "type"=>"message", "text"=>"!todo stuff tomorrow", "user"=>"U025BJZ44", "ts"=>"1641619072.011200", "team"=>"T025BJZ3Y", "blocks"=>[{"type"=>"rich_text", "block_id"=>"Kvv", "elements"=>[{"type"=>"rich_text_section", "elements"=>[{"type"=>"text", "text"=>"!todo stuff tomorrow"}]}]}], "channel"=>"CD137QCP3", "event_ts"=>"1641619072.011200", "channel_type"=>"channel"}}
Completed 200 OK in 97443ms (Views: 0.8ms | ActiveRecord: 0.0ms | Allocations: 297115)


Started POST "/rtm" for 127.0.0.1 at 2022-01-07 23:19:39 -0600
Processing by SlackRtmController#receive as JSON
  Parameters: {"client_msg_id"=>"47b877dd-433f-460a-b2c5-55c617404782", "type"=>"message", "text"=>"!todo hurry up tomorrow", "user"=>"U025BJZ44", "ts"=>"1641619178.011700", "team"=>"T025BJZ3Y", "blocks"=>[{"type"=>"rich_text", "block_id"=>"=K+f", "elements"=>[{"type"=>"rich_text_section", "elements"=>[{"type"=>"text", "text"=>"!todo hurry up tomorrow"}]}]}], "channel"=>"CD137QCP3", "event_ts"=>"1641619178.011700", "channel_type"=>"channel", "slack_rtm"=>{"client_msg_id"=>"47b877dd-433f-460a-b2c5-55c617404782", "type"=>"message", "text"=>"!todo hurry up tomorrow", "user"=>"U025BJZ44", "ts"=>"1641619178.011700", "team"=>"T025BJZ3Y", "blocks"=>[{"type"=>"rich_text", "block_id"=>"=K+f", "elements"=>[{"type"=>"rich_text_section", "elements"=>[{"type"=>"text", "text"=>"!todo hurry up tomorrow"}]}]}], "channel"=>"CD137QCP3", "event_ts"=>"1641619178.011700", "channel_type"=>"channel"}}
Started POST "/rtm" for 127.0.0.1 at 2022-01-07 23:21:08 -0600
Processing by SlackRtmController#receive as JSON
  Parameters: {"client_msg_id"=>"efa61e51-3e88-4993-8ab2-13771e9ea50b", "type"=>"message", "text"=>"!todo stuff tomorrow", "user"=>"U025BJZ44", "ts"=>"1641619267.012000", "team"=>"T025BJZ3Y", "blocks"=>[{"type"=>"rich_text", "block_id"=>"BzMXc", "elements"=>[{"type"=>"rich_text_section", "elements"=>[{"type"=>"text", "text"=>"!todo stuff tomorrow"}]}]}], "channel"=>"CD137QCP3", "event_ts"=>"1641619267.012000", "channel_type"=>"channel", "slack_rtm"=>{"client_msg_id"=>"efa61e51-3e88-4993-8ab2-13771e9ea50b", "type"=>"message", "text"=>"!todo stuff tomorrow", "user"=>"U025BJZ44", "ts"=>"1641619267.012000", "team"=>"T025BJZ3Y", "blocks"=>[{"type"=>"rich_text", "block_id"=>"BzMXc", "elements"=>[{"type"=>"rich_text_section", "elements"=>[{"type"=>"text", "text"=>"!todo stuff tomorrow"}]}]}], "channel"=>"CD137QCP3", "event_ts"=>"1641619267.012000", "channel_type"=>"channel"}}
Completed 200 OK in 10128ms (Views: 0.8ms | ActiveRecord: 0.0ms | Allocations: 115486)


Started POST "/rtm" for 127.0.0.1 at 2022-01-07 23:21:35 -0600
Processing by SlackRtmController#receive as JSON
  Parameters: {"client_msg_id"=>"6a05605d-73f6-4004-b2b7-26570c132981", "type"=>"message", "text"=>"!todo wake up early and do some yoga tomorrow", "user"=>"U025BJZ44", "ts"=>"1641619294.038400", "team"=>"T025BJZ3Y", "blocks"=>[{"type"=>"rich_text", "block_id"=>"JST+", "elements"=>[{"type"=>"rich_text_section", "elements"=>[{"type"=>"text", "text"=>"!todo wake up early and do some yoga tomorrow"}]}]}], "channel"=>"C02TQ688M", "event_ts"=>"1641619294.038400", "channel_type"=>"channel", "slack_rtm"=>{"client_msg_id"=>"6a05605d-73f6-4004-b2b7-26570c132981", "type"=>"message", "text"=>"!todo wake up early and do some yoga tomorrow", "user"=>"U025BJZ44", "ts"=>"1641619294.038400", "team"=>"T025BJZ3Y", "blocks"=>[{"type"=>"rich_text", "block_id"=>"JST+", "elements"=>[{"type"=>"rich_text_section", "elements"=>[{"type"=>"text", "text"=>"!todo wake up early and do some yoga tomorrow"}]}]}], "channel"=>"C02TQ688M", "event_ts"=>"1641619294.038400", "channel_type"=>"channel"}}
Completed 200 OK in 6397ms (Views: 0.6ms | ActiveRecord: 0.0ms | Allocations: 56423)


Started POST "/rtm" for 127.0.0.1 at 2022-01-07 23:22:22 -0600
Processing by SlackRtmController#receive as JSON
  Parameters: {"client_msg_id"=>"77e225f1-490c-49d5-987d-62f6b067e2c4", "type"=>"message", "text"=>"!todo wire this up to actually use basecamp wednesday", "user"=>"U025BJZ44", "ts"=>"1641619342.038800", "team"=>"T025BJZ3Y", "blocks"=>[{"type"=>"rich_text", "block_id"=>"vxy7", "elements"=>[{"type"=>"rich_text_section", "elements"=>[{"type"=>"text", "text"=>"!todo wire this up to actually use basecamp wednesday"}]}]}], "channel"=>"C02TQ688M", "event_ts"=>"1641619342.038800", "channel_type"=>"channel", "slack_rtm"=>{"client_msg_id"=>"77e225f1-490c-49d5-987d-62f6b067e2c4", "type"=>"message", "text"=>"!todo wire this up to actually use basecamp wednesday", "user"=>"U025BJZ44", "ts"=>"1641619342.038800", "team"=>"T025BJZ3Y", "blocks"=>[{"type"=>"rich_text", "block_id"=>"vxy7", "elements"=>[{"type"=>"rich_text_section", "elements"=>[{"type"=>"text", "text"=>"!todo wire this up to actually use basecamp wednesday"}]}]}], "channel"=>"C02TQ688M", "event_ts"=>"1641619342.038800", "channel_type"=>"channel"}}
Completed 200 OK in 1ms (Views: 0.1ms | ActiveRecord: 0.0ms | Allocations: 824)


